<?xml version="1.0" encoding="UTF-8"?>
<testng-results skipped="0" failed="0" ignored="0" total="2" passed="2">
  <reporter-output>
  </reporter-output>
  <suite name="Default suite" duration-ms="29841" started-at="2020-08-06T00:39:12 EDT" finished-at="2020-08-06T00:39:41 EDT">
    <groups>
    </groups>
    <test name="Default test" duration-ms="29841" started-at="2020-08-06T00:39:12 EDT" finished-at="2020-08-06T00:39:41 EDT">
      <class name="com.test.ParallalTest">
        <test-method status="PASS" signature="chrome()[pri:0, instance:com.test.ParallalTest@2a17b7b6]" name="chrome" duration-ms="13397" started-at="2020-08-06T00:39:12 EDT" finished-at="2020-08-06T00:39:25 EDT">
          <reporter-output>
          </reporter-output>
        </test-method> <!-- chrome -->
        <test-method status="PASS" signature="firefox()[pri:0, instance:com.test.ParallalTest@2a17b7b6]" name="firefox" duration-ms="16337" started-at="2020-08-06T00:39:25 EDT" finished-at="2020-08-06T00:39:41 EDT">
          <reporter-output>
          </reporter-output>
        </test-method> <!-- firefox -->
      </class> <!-- com.test.ParallalTest -->
    </test> <!-- Default test -->
  </suite> <!-- Default suite -->
</testng-results>
